<?xml version="1.0" encoding="UTF-8"?>
<!-- Generated by org.testng.reporters.JUnitXMLReporter -->
<testsuite hostname="deepmish-mac" ignored="0" name="Default test" tests="3" failures="0" timestamp="05 Jul 2020 04:47:33 GMT" time="9.597" errors="0">
  <testcase name="verifyLoginPageTitleTest" time="0.606" classname="com.qa.hubspot.pagetest.LoginPageTest"/>
  <testcase name="verifySignUpLink" time="0.036" classname="com.qa.hubspot.pagetest.LoginPageTest"/>
  <testcase name="doLoginTest" time="0.522" classname="com.qa.hubspot.pagetest.LoginPageTest"/>
</testsuite> <!-- Default test -->
