<?xml version="1.0" encoding="UTF-8"?>
<!-- Generated by org.testng.reporters.JUnitXMLReporter -->
<testsuite hostname="deepmish-mac" ignored="0" name="Contact Test" tests="5" failures="0" timestamp="08 Jul 2020 04:34:53 GMT" time="55.372" errors="0">
  <testcase name="verifyContactPageTitleTest" time="0.207" classname="com.qa.hubspot.pagetest.ContactPageTest"/>
  <testcase name="createContactTest" time="10.618" classname="com.qa.hubspot.pagetest.ContactPageTest"/>
  <testcase name="createContactTest" time="9.97" classname="com.qa.hubspot.pagetest.ContactPageTest"/>
  <testcase name="createContactTest" time="9.884" classname="com.qa.hubspot.pagetest.ContactPageTest"/>
  <testcase name="createContactTest" time="9.439" classname="com.qa.hubspot.pagetest.ContactPageTest"/>
</testsuite> <!-- Contact Test -->
