<?xml version="1.0" encoding="UTF-8"?>
<!-- Generated by org.testng.reporters.JUnitXMLReporter -->
<testsuite hostname="deepmish-mac" ignored="0" name="Login Test" tests="3" failures="0" timestamp="05 Jul 2020 04:59:25 GMT" time="9.83" errors="0">
  <testcase name="verifyLoginPageTitleTest" time="0.147" classname="com.qa.hubspot.pagetest.LoginPageTest"/>
  <testcase name="verifySignUpLink" time="0.032" classname="com.qa.hubspot.pagetest.LoginPageTest"/>
  <testcase name="doLoginTest" time="0.628" classname="com.qa.hubspot.pagetest.LoginPageTest"/>
</testsuite> <!-- Login Test -->
