<?xml version="1.0" encoding="UTF-8"?>
<!-- Generated by org.testng.reporters.JUnitXMLReporter -->
<testsuite hostname="deepmish-mac" ignored="0" name="Login Test" tests="3" failures="0" timestamp="08 Jul 2020 04:33:44 GMT" time="9.106" errors="0">
  <testcase name="verifyLoginPageTitleTest" time="6.07" classname="com.qa.hubspot.pagetest.LoginPageTest"/>
  <testcase name="verifySignUpLink" time="0.077" classname="com.qa.hubspot.pagetest.LoginPageTest"/>
  <testcase name="doLoginTest" time="0.526" classname="com.qa.hubspot.pagetest.LoginPageTest"/>
</testsuite> <!-- Login Test -->
