<?xml version="1.0" encoding="UTF-8"?>
<testng-results skipped="0" failed="1" ignored="0" total="11" passed="10">
  <reporter-output>
  </reporter-output>
  <suite name="Hub spot Test automation regression suite" duration-ms="78147" started-at="2020-07-08T04:33:35Z" finished-at="2020-07-08T04:34:53Z">
    <groups>
    </groups>
    <test name="Login Test" duration-ms="9106" started-at="2020-07-08T04:33:35Z" finished-at="2020-07-08T04:33:44Z">
      <class name="com.qa.hubspot.pagetest.LoginPageTest">
        <test-method status="PASS" signature="PageSetup()[pri:0, instance:com.qa.hubspot.pagetest.LoginPageTest@768b970c]" name="PageSetup" is-config="true" duration-ms="2287" started-at="2020-07-08T04:33:35Z" finished-at="2020-07-08T04:33:37Z">
          <reporter-output>
          </reporter-output>
        </test-method> <!-- PageSetup -->
        <test-method status="PASS" signature="verifyLoginPageTitleTest()[pri:1, instance:com.qa.hubspot.pagetest.LoginPageTest@768b970c]" name="verifyLoginPageTitleTest" duration-ms="6070" started-at="2020-07-08T04:33:37Z" finished-at="2020-07-08T04:33:43Z">
          <reporter-output>
          </reporter-output>
        </test-method> <!-- verifyLoginPageTitleTest -->
        <test-method status="PASS" signature="verifySignUpLink()[pri:2, instance:com.qa.hubspot.pagetest.LoginPageTest@768b970c]" name="verifySignUpLink" duration-ms="77" started-at="2020-07-08T04:33:43Z" finished-at="2020-07-08T04:33:43Z">
          <reporter-output>
          </reporter-output>
        </test-method> <!-- verifySignUpLink -->
        <test-method status="PASS" signature="doLoginTest()[pri:3, instance:com.qa.hubspot.pagetest.LoginPageTest@768b970c]" name="doLoginTest" duration-ms="526" started-at="2020-07-08T04:33:43Z" finished-at="2020-07-08T04:33:44Z">
          <reporter-output>
          </reporter-output>
        </test-method> <!-- doLoginTest -->
        <test-method status="PASS" signature="tearDown()[pri:0, instance:com.qa.hubspot.pagetest.LoginPageTest@768b970c]" name="tearDown" is-config="true" duration-ms="119" started-at="2020-07-08T04:33:44Z" finished-at="2020-07-08T04:33:44Z">
          <reporter-output>
          </reporter-output>
        </test-method> <!-- tearDown -->
      </class> <!-- com.qa.hubspot.pagetest.LoginPageTest -->
    </test> <!-- Login Test -->
    <test name="HomePage Test" duration-ms="13350" started-at="2020-07-08T04:33:44Z" finished-at="2020-07-08T04:33:57Z">
      <class name="com.qa.hubspot.pagetest.HomePageTest">
        <test-method status="PASS" signature="PageSetup()[pri:0, instance:com.qa.hubspot.pagetest.HomePageTest@50de0926]" name="PageSetup" is-config="true" duration-ms="1519" started-at="2020-07-08T04:33:44Z" finished-at="2020-07-08T04:33:45Z">
          <reporter-output>
          </reporter-output>
        </test-method> <!-- PageSetup -->
        <test-method status="PASS" signature="homePageSetup()[pri:0, instance:com.qa.hubspot.pagetest.HomePageTest@50de0926]" name="homePageSetup" is-config="true" duration-ms="6417" started-at="2020-07-08T04:33:45Z" finished-at="2020-07-08T04:33:52Z">
          <reporter-output>
          </reporter-output>
        </test-method> <!-- homePageSetup -->
        <test-method status="PASS" signature="verifyHomePageTitleTest()[pri:1, instance:com.qa.hubspot.pagetest.HomePageTest@50de0926]" name="verifyHomePageTitleTest" duration-ms="3602" started-at="2020-07-08T04:33:52Z" finished-at="2020-07-08T04:33:55Z">
          <reporter-output>
          </reporter-output>
        </test-method> <!-- verifyHomePageTitleTest -->
        <test-method status="PASS" signature="verifyHomePageHeader()[pri:2, instance:com.qa.hubspot.pagetest.HomePageTest@50de0926]" name="verifyHomePageHeader" duration-ms="1153" started-at="2020-07-08T04:33:55Z" finished-at="2020-07-08T04:33:57Z">
          <reporter-output>
          </reporter-output>
        </test-method> <!-- verifyHomePageHeader -->
        <test-method status="FAIL" signature="verifyUserAccountTest()[pri:3, instance:com.qa.hubspot.pagetest.HomePageTest@50de0926]" name="verifyUserAccountTest" duration-ms="46" started-at="2020-07-08T04:33:57Z" finished-at="2020-07-08T04:33:57Z">
          <exception class="org.openqa.selenium.ElementNotInteractableException">
            <message>
              <![CDATA[element not interactable
  (Session info: chrome=83.0.4103.116)
Build info: version: '3.141.59', revision: 'e82be7d358', time: '2018-11-14T08:17:03'
System info: host: 'deepmish-mac', ip: 'fe80:0:0:0:1cb2:4ff6:b066:6ce4%en0', os.name: 'Mac OS X', os.arch: 'x86_64', os.version: '10.13.6', java.version: '1.8.0_211'
Driver info: org.openqa.selenium.chrome.ChromeDriver
Capabilities {acceptInsecureCerts: false, browserName: chrome, browserVersion: 83.0.4103.116, chrome: {chromedriverVersion: 83.0.4103.39 (ccbf011cb2d2b..., userDataDir: /var/folders/qd/wtbfwb9d7_v...}, goog:chromeOptions: {debuggerAddress: localhost:63070}, javascriptEnabled: true, networkConnectionEnabled: false, pageLoadStrategy: normal, platform: MAC, platformName: MAC, proxy: Proxy(), setWindowRect: true, strictFileInteractability: false, timeouts: {implicit: 0, pageLoad: 300000, script: 30000}, unhandledPromptBehavior: dismiss and notify, webauthn:virtualAuthenticators: true}
Session ID: 619aae20545a1ba390ef0d09b54ebf12]]>
            </message>
            <full-stacktrace>
              <![CDATA[org.openqa.selenium.ElementNotInteractableException: element not interactable
  (Session info: chrome=83.0.4103.116)
Build info: version: '3.141.59', revision: 'e82be7d358', time: '2018-11-14T08:17:03'
System info: host: 'deepmish-mac', ip: 'fe80:0:0:0:1cb2:4ff6:b066:6ce4%en0', os.name: 'Mac OS X', os.arch: 'x86_64', os.version: '10.13.6', java.version: '1.8.0_211'
Driver info: org.openqa.selenium.chrome.ChromeDriver
Capabilities {acceptInsecureCerts: false, browserName: chrome, browserVersion: 83.0.4103.116, chrome: {chromedriverVersion: 83.0.4103.39 (ccbf011cb2d2b..., userDataDir: /var/folders/qd/wtbfwb9d7_v...}, goog:chromeOptions: {debuggerAddress: localhost:63070}, javascriptEnabled: true, networkConnectionEnabled: false, pageLoadStrategy: normal, platform: MAC, platformName: MAC, proxy: Proxy(), setWindowRect: true, strictFileInteractability: false, timeouts: {implicit: 0, pageLoad: 300000, script: 30000}, unhandledPromptBehavior: dismiss and notify, webauthn:virtualAuthenticators: true}
Session ID: 619aae20545a1ba390ef0d09b54ebf12
at sun.reflect.NativeConstructorAccessorImpl.newInstance0(Native Method)
at sun.reflect.NativeConstructorAccessorImpl.newInstance(NativeConstructorAccessorImpl.java:62)
at sun.reflect.DelegatingConstructorAccessorImpl.newInstance(DelegatingConstructorAccessorImpl.java:45)
at java.lang.reflect.Constructor.newInstance(Constructor.java:423)
at org.openqa.selenium.remote.http.W3CHttpResponseCodec.createException(W3CHttpResponseCodec.java:187)
at org.openqa.selenium.remote.http.W3CHttpResponseCodec.decode(W3CHttpResponseCodec.java:122)
at org.openqa.selenium.remote.http.W3CHttpResponseCodec.decode(W3CHttpResponseCodec.java:49)
at org.openqa.selenium.remote.HttpCommandExecutor.execute(HttpCommandExecutor.java:158)
at org.openqa.selenium.remote.service.DriverCommandExecutor.execute(DriverCommandExecutor.java:83)
at org.openqa.selenium.remote.RemoteWebDriver.execute(RemoteWebDriver.java:552)
at org.openqa.selenium.remote.RemoteWebElement.execute(RemoteWebElement.java:285)
at org.openqa.selenium.remote.RemoteWebElement.click(RemoteWebElement.java:84)
at com.qa.hubspot.utilities.ElementUtil.doClick(ElementUtil.java:52)
at com.qa.hubspot.pages.HomePage.getUserAccount(HomePage.java:45)
at com.qa.hubspot.pagetest.HomePageTest.verifyUserAccountTest(HomePageTest.java:30)
at sun.reflect.NativeMethodAccessorImpl.invoke0(Native Method)
at sun.reflect.NativeMethodAccessorImpl.invoke(NativeMethodAccessorImpl.java:62)
at sun.reflect.DelegatingMethodAccessorImpl.invoke(DelegatingMethodAccessorImpl.java:43)
at java.lang.reflect.Method.invoke(Method.java:498)
at org.testng.internal.MethodInvocationHelper.invokeMethod(MethodInvocationHelper.java:124)
at org.testng.internal.Invoker.invokeMethod(Invoker.java:583)
at org.testng.internal.Invoker.invokeTestMethod(Invoker.java:719)
at org.testng.internal.Invoker.invokeTestMethods(Invoker.java:989)
at org.testng.internal.TestMethodWorker.invokeTestMethods(TestMethodWorker.java:125)
at org.testng.internal.TestMethodWorker.run(TestMethodWorker.java:109)
at org.testng.TestRunner.privateRun(TestRunner.java:648)
at org.testng.TestRunner.run(TestRunner.java:505)
at org.testng.SuiteRunner.runTest(SuiteRunner.java:455)
at org.testng.SuiteRunner.runSequentially(SuiteRunner.java:450)
at org.testng.SuiteRunner.privateRun(SuiteRunner.java:415)
at org.testng.SuiteRunner.run(SuiteRunner.java:364)
at org.testng.SuiteRunnerWorker.runSuite(SuiteRunnerWorker.java:52)
at org.testng.SuiteRunnerWorker.run(SuiteRunnerWorker.java:84)
at org.testng.TestNG.runSuitesSequentially(TestNG.java:1208)
at org.testng.TestNG.runSuitesLocally(TestNG.java:1137)
at org.testng.TestNG.runSuites(TestNG.java:1049)
at org.testng.TestNG.run(TestNG.java:1017)
at org.testng.remote.AbstractRemoteTestNG.run(AbstractRemoteTestNG.java:115)
at org.testng.remote.RemoteTestNG.initAndRun(RemoteTestNG.java:251)
at org.testng.remote.RemoteTestNG.main(RemoteTestNG.java:77)
]]>
            </full-stacktrace>
          </exception> <!-- org.openqa.selenium.ElementNotInteractableException -->
          <reporter-output>
          </reporter-output>
        </test-method> <!-- verifyUserAccountTest -->
        <test-method status="PASS" signature="tearDown()[pri:0, instance:com.qa.hubspot.pagetest.HomePageTest@50de0926]" name="tearDown" is-config="true" duration-ms="116" started-at="2020-07-08T04:33:57Z" finished-at="2020-07-08T04:33:57Z">
          <reporter-output>
          </reporter-output>
        </test-method> <!-- tearDown -->
      </class> <!-- com.qa.hubspot.pagetest.HomePageTest -->
    </test> <!-- HomePage Test -->
    <test name="Contact Test" duration-ms="55372" started-at="2020-07-08T04:33:57Z" finished-at="2020-07-08T04:34:53Z">
      <class name="com.qa.hubspot.pagetest.ContactPageTest">
        <test-method status="PASS" signature="PageSetup()[pri:0, instance:com.qa.hubspot.pagetest.ContactPageTest@2bea5ab4]" name="PageSetup" is-config="true" duration-ms="1484" started-at="2020-07-08T04:33:57Z" finished-at="2020-07-08T04:33:59Z">
          <reporter-output>
          </reporter-output>
        </test-method> <!-- PageSetup -->
        <test-method status="PASS" signature="contactPageSetup()[pri:0, instance:com.qa.hubspot.pagetest.ContactPageTest@2bea5ab4]" name="contactPageSetup" is-config="true" duration-ms="13140" started-at="2020-07-08T04:33:59Z" finished-at="2020-07-08T04:34:12Z">
          <reporter-output>
          </reporter-output>
        </test-method> <!-- contactPageSetup -->
        <test-method status="PASS" signature="verifyContactPageTitleTest()[pri:1, instance:com.qa.hubspot.pagetest.ContactPageTest@2bea5ab4]" name="verifyContactPageTitleTest" duration-ms="207" started-at="2020-07-08T04:34:12Z" finished-at="2020-07-08T04:34:12Z">
          <reporter-output>
          </reporter-output>
        </test-method> <!-- verifyContactPageTitleTest -->
        <test-method status="PASS" signature="createContactTest(java.lang.String, java.lang.String, java.lang.String, java.lang.String)[pri:2, instance:com.qa.hubspot.pagetest.ContactPageTest@2bea5ab4]" name="createContactTest" duration-ms="10618" started-at="2020-07-08T04:34:13Z" data-provider="getContactTestData" finished-at="2020-07-08T04:34:23Z">
          <params>
            <param index="0">
              <value>
                <![CDATA[deep.narayan.mishra@oracle.com]]>
              </value>
            </param>
            <param index="1">
              <value>
                <![CDATA[Deep]]>
              </value>
            </param>
            <param index="2">
              <value>
                <![CDATA[Mishra]]>
              </value>
            </param>
            <param index="3">
              <value>
                <![CDATA[IC4]]>
              </value>
            </param>
          </params>
          <reporter-output>
          </reporter-output>
        </test-method> <!-- createContactTest -->
        <test-method status="PASS" signature="createContactTest(java.lang.String, java.lang.String, java.lang.String, java.lang.String)[pri:2, instance:com.qa.hubspot.pagetest.ContactPageTest@2bea5ab4]" name="createContactTest" duration-ms="9970" started-at="2020-07-08T04:34:23Z" data-provider="getContactTestData" finished-at="2020-07-08T04:34:33Z">
          <params>
            <param index="0">
              <value>
                <![CDATA[prashanth.rao@oracle.com]]>
              </value>
            </param>
            <param index="1">
              <value>
                <![CDATA[Prashanth]]>
              </value>
            </param>
            <param index="2">
              <value>
                <![CDATA[Rao]]>
              </value>
            </param>
            <param index="3">
              <value>
                <![CDATA[M3]]>
              </value>
            </param>
          </params>
          <reporter-output>
          </reporter-output>
        </test-method> <!-- createContactTest -->
        <test-method status="PASS" signature="createContactTest(java.lang.String, java.lang.String, java.lang.String, java.lang.String)[pri:2, instance:com.qa.hubspot.pagetest.ContactPageTest@2bea5ab4]" name="createContactTest" duration-ms="9884" started-at="2020-07-08T04:34:33Z" data-provider="getContactTestData" finished-at="2020-07-08T04:34:43Z">
          <params>
            <param index="0">
              <value>
                <![CDATA[sandeep.kumar.singh@oracle.com]]>
              </value>
            </param>
            <param index="1">
              <value>
                <![CDATA[Sandeep]]>
              </value>
            </param>
            <param index="2">
              <value>
                <![CDATA[Singh]]>
              </value>
            </param>
            <param index="3">
              <value>
                <![CDATA[IC5]]>
              </value>
            </param>
          </params>
          <reporter-output>
          </reporter-output>
        </test-method> <!-- createContactTest -->
        <test-method status="PASS" signature="createContactTest(java.lang.String, java.lang.String, java.lang.String, java.lang.String)[pri:2, instance:com.qa.hubspot.pagetest.ContactPageTest@2bea5ab4]" name="createContactTest" duration-ms="9439" started-at="2020-07-08T04:34:43Z" data-provider="getContactTestData" finished-at="2020-07-08T04:34:53Z">
          <params>
            <param index="0">
              <value>
                <![CDATA[vinay.katiyar@oracle.com]]>
              </value>
            </param>
            <param index="1">
              <value>
                <![CDATA[Vinay]]>
              </value>
            </param>
            <param index="2">
              <value>
                <![CDATA[Katiya]]>
              </value>
            </param>
            <param index="3">
              <value>
                <![CDATA[M5]]>
              </value>
            </param>
          </params>
          <reporter-output>
          </reporter-output>
        </test-method> <!-- createContactTest -->
        <test-method status="PASS" signature="tearDown()[pri:0, instance:com.qa.hubspot.pagetest.ContactPageTest@2bea5ab4]" name="tearDown" is-config="true" duration-ms="157" started-at="2020-07-08T04:34:53Z" finished-at="2020-07-08T04:34:53Z">
          <reporter-output>
          </reporter-output>
        </test-method> <!-- tearDown -->
      </class> <!-- com.qa.hubspot.pagetest.ContactPageTest -->
    </test> <!-- Contact Test -->
  </suite> <!-- Hub spot Test automation regression suite -->
</testng-results>
